callback_ndarray
callback_sndfile_read
callback_tone
callback_white
callback_pink
open_stream
start_streams
rk_seed
rk_randomseed
initialize_pink_noise
readfile_helper
writefile_helper
alloc_medussa_dmatrix
free_medussa_dmatrix
alloc_stream_command_queues
free_stream_command_queues
post_command_to_pa_callback
process_results_from_pa_callback
execute_commands_in_pa_callback
execute_stream_user_data_command
execute_array_user_data_command
execute_sndfile_read_user_data_command
execute_tone_user_data_command
execute_pink_user_data_command
execute_white_user_data_command
allocate_file_stream
free_file_stream
