C:\DEV\BUILDS\PORTAUDIO\BUILD\MSVC10\WIN32\RELEASE\ASIO.OBJ
C:\DEV\BUILDS\PORTAUDIO\BUILD\MSVC10\WIN32\RELEASE\ASIOCONVERTSAMPLES.OBJ
C:\DEV\BUILDS\PORTAUDIO\BUILD\MSVC10\WIN32\RELEASE\ASIODRIVERS.OBJ
C:\DEV\BUILDS\PORTAUDIO\BUILD\MSVC10\WIN32\RELEASE\ASIOLIST.OBJ
C:\dev\builds\portaudio\build\msvc10\Win32\Release\cl.command.1.tlog
C:\dev\builds\portaudio\build\msvc10\Win32\Release\CL.read.1.tlog
C:\dev\builds\portaudio\build\msvc10\Win32\Release\CL.write.1.tlog
C:\DEV\BUILDS\PORTAUDIO\BUILD\MSVC10\WIN32\RELEASE\COMBASE.OBJ
C:\DEV\BUILDS\PORTAUDIO\BUILD\MSVC10\WIN32\RELEASE\DEBUGMESSAGE.OBJ
C:\dev\builds\portaudio\build\msvc10\Win32\Release\link.command.1.tlog
C:\dev\builds\portaudio\build\msvc10\Win32\Release\link.read.1.tlog
C:\dev\builds\portaudio\build\msvc10\Win32\Release\link.write.1.tlog
C:\dev\builds\portaudio\build\msvc10\Win32\Release\mt.command.1.tlog
C:\dev\builds\portaudio\build\msvc10\Win32\Release\mt.read.1.tlog
C:\dev\builds\portaudio\build\msvc10\Win32\Release\mt.write.1.tlog
C:\DEV\BUILDS\PORTAUDIO\BUILD\MSVC10\WIN32\RELEASE\PA_ALLOCATION.OBJ
C:\DEV\BUILDS\PORTAUDIO\BUILD\MSVC10\WIN32\RELEASE\PA_ASIO.OBJ
C:\DEV\BUILDS\PORTAUDIO\BUILD\MSVC10\WIN32\RELEASE\PA_CONVERTERS.OBJ
C:\DEV\BUILDS\PORTAUDIO\BUILD\MSVC10\WIN32\RELEASE\PA_CPULOAD.OBJ
C:\DEV\BUILDS\PORTAUDIO\BUILD\MSVC10\WIN32\RELEASE\PA_DEBUGPRINT.OBJ
C:\DEV\BUILDS\PORTAUDIO\BUILD\MSVC10\WIN32\RELEASE\PA_DITHER.OBJ
C:\DEV\BUILDS\PORTAUDIO\BUILD\MSVC10\WIN32\RELEASE\PA_FRONT.OBJ
C:\DEV\BUILDS\PORTAUDIO\BUILD\MSVC10\WIN32\RELEASE\PA_PROCESS.OBJ
C:\DEV\BUILDS\PORTAUDIO\BUILD\MSVC10\WIN32\RELEASE\PA_SKELETON.OBJ
C:\DEV\BUILDS\PORTAUDIO\BUILD\MSVC10\WIN32\RELEASE\PA_STREAM.OBJ
C:\DEV\BUILDS\PORTAUDIO\BUILD\MSVC10\WIN32\RELEASE\PA_TRACE.OBJ
C:\DEV\BUILDS\PORTAUDIO\BUILD\MSVC10\WIN32\RELEASE\PA_WIN_DS.OBJ
C:\DEV\BUILDS\PORTAUDIO\BUILD\MSVC10\WIN32\RELEASE\PA_WIN_DS_DYNLINK.OBJ
C:\DEV\BUILDS\PORTAUDIO\BUILD\MSVC10\WIN32\RELEASE\PA_WIN_HOSTAPIS.OBJ
C:\DEV\BUILDS\PORTAUDIO\BUILD\MSVC10\WIN32\RELEASE\PA_WIN_UTIL.OBJ
C:\DEV\BUILDS\PORTAUDIO\BUILD\MSVC10\WIN32\RELEASE\PA_WIN_WASAPI.OBJ
C:\DEV\BUILDS\PORTAUDIO\BUILD\MSVC10\WIN32\RELEASE\PA_WIN_WAVEFORMAT.OBJ
C:\DEV\BUILDS\PORTAUDIO\BUILD\MSVC10\WIN32\RELEASE\PA_WIN_WDMKS_UTILS.OBJ
C:\DEV\BUILDS\PORTAUDIO\BUILD\MSVC10\WIN32\RELEASE\PA_WIN_WMME.OBJ
C:\DEV\BUILDS\PORTAUDIO\BUILD\MSVC10\WIN32\RELEASE\PA_X86_PLAIN_CONVERTERS.OBJ
C:\DEV\BUILDS\PORTAUDIO\BUILD\MSVC10\WIN32\RELEASE\PORTAUDIO.DLL.INTERMEDIATE.MANIFEST
C:\dev\builds\portaudio\build\msvc10\Win32\Release\portaudio.write.1.tlog
C:\DEV\BUILDS\PORTAUDIO\BUILD\MSVC10\WIN32\RELEASE\PORTAUDIO_X86.DLL
C:\dev\builds\portaudio\build\msvc10\Win32\Release\portaudio_x86.exp
C:\dev\builds\portaudio\build\msvc10\Win32\Release\portaudio_x86.lib
C:\DEV\BUILDS\PORTAUDIO\BUILD\MSVC10\WIN32\RELEASE\REGISTER.OBJ
C:\DEV\BUILDS\PORTAUDIO\BUILD\MSVC10\WIN32\RELEASE\VC100.PDB
